<?xml version="1.0" encoding="UTF-8"?>
<!-- Generated by org.testng.reporters.JUnitReportReporter -->
<testsuite hostname="DESKTOP-UM6LR8M" name="com.TestScript.HomeTest" tests="1" failures="0" timestamp="11 Sep 2017 03:07:36 GMT" time="25.186" errors="0">
  <testcase name="Actionclass" time="25.186" classname="com.TestScript.HomeTest"/>
</testsuite> <!-- com.TestScript.HomeTest -->
