<?xml version="1.0" encoding="UTF-8"?>
<!-- Generated by org.testng.reporters.JUnitReportReporter -->
<testsuite hostname="DESKTOP-UM6LR8M" name="com.TestScript.LoginModule" tests="1" failures="0" timestamp="8 Sep 2017 03:31:49 GMT" time="35.597" errors="0">
  <testcase name="logintoabofapplication" time="35.597" classname="com.TestScript.LoginModule"/>
</testsuite> <!-- com.TestScript.LoginModule -->
